============================= test session starts =============================
platform win32 -- Python 3.13.12, pytest-9.0.2, pluggy-1.6.0
rootdir: C:\Users\jagar\workspace\work-time-logger
configfile: pyproject.toml
plugins: asyncio-1.3.0, cov-7.1.0
asyncio: mode=Mode.STRICT, debug=False, asyncio_default_fixture_loop_scope=None, asyncio_default_test_loop_scope=function
collected 1 item

tests\test_widgets.py F

================================== FAILURES ===================================
___________________________ test_export_logs_modal ____________________________

    @pytest.mark.asyncio
    async def test_export_logs_modal():
        """Test ExportLogsModal."""
        app = DummyApp()
        async with app.run_test(size=(120, 60)) as pilot:
            modal = ExportLogsModal()
    
            result = None
    
            def mock_dismiss(res):
                nonlocal result
                result = res
    
            modal.dismiss = mock_dismiss
            await app.push_screen(modal)
    
            # Simulate cancel
            await pilot.click("#btn-cancel")
            await pilot.pause()
            assert result is None
    
            # Simulate Export
            await pilot.click("#btn-export")
            await pilot.pause()
>           assert result is not None
E           assert None is not None

tests\test_widgets.py:179: AssertionError
=========================== short test summary info ===========================
FAILED tests/test_widgets.py::test_export_logs_modal - assert None is not None
============================== 1 failed in 0.70s ==============================
